<?xml version="1.0" encoding="utf-8"?><testsuites name="pytest tests"><testsuite name="pytest" errors="0" failures="0" skipped="0" tests="14" time="14.991" timestamp="2026-04-21T16:53:55.172661+00:00" hostname="agent-env-2f9ea793-8abe-47a4-9aca-18dcbfb7356f"><testcase classname="backend.tests.backend_test" name="test_root" time="0.174" /><testcase classname="backend.tests.backend_test" name="test_register_duplicate" time="0.328" /><testcase classname="backend.tests.backend_test" name="test_login_success" time="0.270" /><testcase classname="backend.tests.backend_test" name="test_login_invalid" time="0.267" /><testcase classname="backend.tests.backend_test" name="test_me" time="0.049" /><testcase classname="backend.tests.backend_test" name="test_protected_without_token" time="0.151" /><testcase classname="backend.tests.backend_test" name="test_invalid_token" time="0.090" /><testcase classname="backend.tests.backend_test" name="test_scan_suspicious_high_risk" time="7.180" /><testcase classname="backend.tests.backend_test" name="test_scan_healthy_safe" time="5.663" /><testcase classname="backend.tests.backend_test" name="test_scan_without_token" time="0.137" /><testcase classname="backend.tests.backend_test" name="test_list_scans" time="0.053" /><testcase classname="backend.tests.backend_test" name="test_stats" time="0.057" /><testcase classname="backend.tests.backend_test" name="test_scan_isolation_and_delete" time="0.384" /><testcase classname="backend.tests.backend_test" name="test_delete_own_scan" time="0.095" /></testsuite></testsuites>